\BOOKMARK [0][-]{chapter*.1}{Abstract}{}% 1
\BOOKMARK [0][-]{chapter*.2}{Acknowledgements}{}% 2
\BOOKMARK [0][-]{chapter*.3}{Contents}{}% 3
\BOOKMARK [0][-]{chapter.1}{Introduction}{}% 4
\BOOKMARK [1][-]{section.1.1}{Tom}{chapter.1}% 5
\BOOKMARK [0][-]{chapter.2}{Theoretical Framework}{}% 6
\BOOKMARK [1][-]{section.2.1}{A theory of mastery}{chapter.2}% 7
\BOOKMARK [2][-]{subsection.2.1.1}{Philosophical and Conceptual elements}{section.2.1}% 8
\BOOKMARK [2][-]{subsection.2.1.2}{Conceptual Elements}{section.2.1}% 9
\BOOKMARK [2][-]{subsection.2.1.3}{Timelines and mastery}{section.2.1}% 10
\BOOKMARK [0][-]{chapter.3}{Methodology}{}% 11
\BOOKMARK [1][-]{section.3.1}{Participatory Design}{chapter.3}% 12
\BOOKMARK [2][-]{subsection.3.1.1}{Tools and Techniques}{section.3.1}% 13
\BOOKMARK [2][-]{subsection.3.1.2}{Why PD in this project}{section.3.1}% 14
\BOOKMARK [2][-]{subsection.3.1.3}{Design Cycle}{section.3.1}% 15
\BOOKMARK [2][-]{subsection.3.1.4}{Ethics}{section.3.1}% 16
\BOOKMARK [1][-]{section.3.2}{Outcomes}{chapter.3}% 17
\BOOKMARK [1][-]{section.3.3}{Research through design}{chapter.3}% 18
\BOOKMARK [0][-]{chapter.4}{Ethics}{}% 19
\BOOKMARK [1][-]{section.4.1}{Research with younger adults}{chapter.4}% 20
\BOOKMARK [1][-]{section.4.2}{Research with adolescent patients}{chapter.4}% 21
\BOOKMARK [1][-]{section.4.3}{Reflection}{chapter.4}% 22
\BOOKMARK [0][-]{chapter.5}{Data Collection}{}% 23
\BOOKMARK [1][-]{section.5.1}{NSD}{chapter.5}% 24
\BOOKMARK [1][-]{section.5.2}{User-group}{chapter.5}% 25
\BOOKMARK [1][-]{section.5.3}{Organization of workshop 1 and 2}{chapter.5}% 26
\BOOKMARK [1][-]{section.5.4}{Goals for the data collection}{chapter.5}% 27
\BOOKMARK [0][-]{chapter.6}{Analysis}{}% 28
\BOOKMARK [1][-]{section.6.1}{Thematic Analysis}{chapter.6}% 29
\BOOKMARK [2][-]{subsection.6.1.1}{Phases of thematic analysis}{section.6.1}% 30
\BOOKMARK [2][-]{subsection.6.1.2}{Workshop 1}{section.6.1}% 31
\BOOKMARK [2][-]{subsection.6.1.3}{Design}{section.6.1}% 32
\BOOKMARK [2][-]{subsection.6.1.4}{Insight}{section.6.1}% 33
\BOOKMARK [2][-]{subsection.6.1.5}{Personal state}{section.6.1}% 34
\BOOKMARK [2][-]{subsection.6.1.6}{Discussion of the results}{section.6.1}% 35
\BOOKMARK [0][-]{chapter.7}{Design Proposal}{}% 36
\BOOKMARK [0][-]{chapter.8}{Evaluation of Design and Research Process}{}% 37
\BOOKMARK [0][-]{chapter.9}{Discussion}{}% 38
\BOOKMARK [0][-]{chapter.10}{Conclusion}{}% 39
\BOOKMARK [0][-]{chapter*.6}{Bibliography}{}% 40
\BOOKMARK [0][-]{appendix.A}{1}{}% 41
\BOOKMARK [0][-]{appendix.B}{2}{}% 42
